{
"src/aGrid/aGridBody/agridbody.component.ts":{"path":"src/aGrid/aGridBody/agridbody.component.ts","statementMap":{"1":{"start":{"line":1,"column":0},"end":{"line":1,"column":121}},"2":{"start":{"line":11,"column":0},"end":{"line":32,"column":0}},"3":{"start":{"line":21,"column":14},"end":{"line":21,"column":46}},"4":{"start":{"line":22,"column":14},"end":{"line":22,"column":52}},"5":{"start":{"line":17,"column":4},"end":{"line":19,"column":5}},"6":{"start":{"line":18,"column":8},"end":{"line":18,"column":106}},"7":{"start":{"line":24,"column":4},"end":{"line":26,"column":5}},"8":{"start":{"line":25,"column":8},"end":{"line":25,"column":34}},"9":{"start":{"line":28,"column":4},"end":{"line":30,"column":5}},"10":{"start":{"line":29,"column":8},"end":{"line":29,"column":40}},"11":{"start":{"line":12,"column":4},"end":{"line":12,"column":12}},"12":{"start":{"line":13,"column":4},"end":{"line":13,"column":12}},"13":{"start":{"line":14,"column":4},"end":{"line":14,"column":12}},"14":{"start":{"line":15,"column":4},"end":{"line":15,"column":12}},"15":{"start":{"line":21,"column":4},"end":{"line":21,"column":13}},"16":{"start":{"line":22,"column":4},"end":{"line":22,"column":13}},"17":{"start":{"line":4,"column":0},"end":{"line":10,"column":2}},"18":{"start":{"line":32,"column":0},"end":{"line":32,"column":1}},"19":{"start":{"line":11,"column":13},"end":{"line":32,"column":1}}},"fnMap":{"1":{"name":"(anonymous_2)","line":11,"loc":{"start":{"line":11,"column":0},"end":{"line":11,"column":-1}}},"2":{"name":"aGridBody","line":11,"loc":{"start":{"line":11,"column":0},"end":{"line":32,"column":1}}},"3":{"name":"(anonymous_4)","line":17,"loc":{"start":{"line":17,"column":4},"end":{"line":19,"column":5}}},"4":{"name":"(anonymous_5)","line":24,"loc":{"start":{"line":24,"column":16},"end":{"line":26,"column":5}}},"5":{"name":"(anonymous_6)","line":28,"loc":{"start":{"line":28,"column":22},"end":{"line":30,"column":5}}}},"branchMap":{"1":{"line":18,"type":"binary-expr","locations":[{"start":{"line":18,"column":18},"end":{"line":18,"column":30}},{"start":{"line":18,"column":34},"end":{"line":18,"column":53}},{"start":{"line":18,"column":57},"end":{"line":18,"column":104}}]}},"s":{"1":1,"2":1,"3":6,"4":6,"5":1,"6":4,"7":1,"8":1,"9":1,"10":1,"11":1,"12":1,"13":1,"14":1,"15":1,"16":1,"17":1,"18":1,"19":1},"b":{"1":[4,3,2]},"f":{"1":1,"2":6,"3":4,"4":1,"5":1},"l":{"1":1,"4":1,"11":1,"12":1,"13":1,"14":1,"15":1,"17":1,"18":4,"21":6,"22":6,"24":1,"25":1,"28":1,"29":1,"32":1}},
"src/aGrid/aGridBottom/agridbottom.component.ts":{"path":"src/aGrid/aGridBottom/agridbottom.component.ts","statementMap":{"1":{"start":{"line":1,"column":0},"end":{"line":3,"column":23}},"2":{"start":{"line":20,"column":0},"end":{"line":22,"column":0}},"3":{"start":{"line":5,"column":0},"end":{"line":19,"column":2}},"4":{"start":{"line":22,"column":0},"end":{"line":22,"column":1}},"5":{"start":{"line":20,"column":13},"end":{"line":22,"column":1}}},"fnMap":{"1":{"name":"(anonymous_2)","line":20,"loc":{"start":{"line":20,"column":0},"end":{"line":20,"column":-1}}},"2":{"name":"aGridBottom","line":21,"loc":{"start":{"line":21,"column":2},"end":{"line":21,"column":19}}}},"branchMap":{},"s":{"1":1,"2":1,"3":1,"4":1,"5":1},"b":{},"f":{"1":1,"2":1},"l":{"1":1,"5":1,"20":1,"22":1}},
"src/aGrid/aGridButton/agridbutton.component.ts":{"path":"src/aGrid/aGridButton/agridbutton.component.ts","statementMap":{"1":{"start":{"line":1,"column":0},"end":{"line":1,"column":42}},"2":{"start":{"line":8,"column":0},"end":{"line":10,"column":0}},"3":{"start":{"line":3,"column":0},"end":{"line":7,"column":2}},"4":{"start":{"line":10,"column":0},"end":{"line":10,"column":1}},"5":{"start":{"line":8,"column":13},"end":{"line":10,"column":1}}},"fnMap":{"1":{"name":"(anonymous_2)","line":8,"loc":{"start":{"line":8,"column":0},"end":{"line":8,"column":-1}}},"2":{"name":"aGridButton","line":8,"loc":{"start":{"line":8,"column":0},"end":{"line":10,"column":1}}}},"branchMap":{},"s":{"1":1,"2":1,"3":1,"4":1,"5":1},"b":{},"f":{"1":1,"2":1},"l":{"1":1,"3":1,"8":1,"10":1}},
"src/aGrid/aGridColumn/agridcell.directive.ts":{"path":"src/aGrid/aGridColumn/agridcell.directive.ts","statementMap":{"1":{"start":{"line":1,"column":0},"end":{"line":1,"column":53}},"2":{"start":{"line":6,"column":0},"end":{"line":8,"column":0}},"3":{"start":{"line":7,"column":23},"end":{"line":7,"column":48}},"4":{"start":{"line":3,"column":0},"end":{"line":5,"column":2}},"5":{"start":{"line":8,"column":0},"end":{"line":8,"column":1}},"6":{"start":{"line":6,"column":13},"end":{"line":8,"column":1}}},"fnMap":{"1":{"name":"(anonymous_2)","line":6,"loc":{"start":{"line":6,"column":0},"end":{"line":6,"column":-1}}},"2":{"name":"aGridCell","line":7,"loc":{"start":{"line":7,"column":48},"end":{"line":7,"column":51}}}},"branchMap":{},"s":{"1":1,"2":1,"3":2,"4":1,"5":1,"6":1},"b":{},"f":{"1":1,"2":2},"l":{"1":1,"3":1,"6":1,"7":2,"8":1}},
"src/aGrid/aGridColumn/agridcellloader.component.ts":{"path":"src/aGrid/aGridColumn/agridcellloader.component.ts","statementMap":{"1":{"start":{"line":1,"column":0},"end":{"line":1,"column":67}},"2":{"start":{"line":2,"column":0},"end":{"line":2,"column":52}},"3":{"start":{"line":8,"column":0},"end":{"line":26,"column":0}},"4":{"start":{"line":15,"column":24},"end":{"line":15,"column":55}},"5":{"start":{"line":16,"column":4},"end":{"line":25,"column":5}},"6":{"start":{"line":17,"column":8},"end":{"line":24,"column":9}},"7":{"start":{"line":18,"column":12},"end":{"line":23,"column":19}},"8":{"start":{"line":9,"column":4},"end":{"line":9,"column":12}},"9":{"start":{"line":11,"column":4},"end":{"line":11,"column":12}},"10":{"start":{"line":13,"column":4},"end":{"line":13,"column":12}},"11":{"start":{"line":4,"column":0},"end":{"line":7,"column":2}},"12":{"start":{"line":26,"column":0},"end":{"line":26,"column":1}},"13":{"start":{"line":8,"column":13},"end":{"line":26,"column":1}}},"fnMap":{"1":{"name":"(anonymous_2)","line":8,"loc":{"start":{"line":8,"column":0},"end":{"line":8,"column":-1}}},"2":{"name":"aGridColumnCellLoader","line":15,"loc":{"start":{"line":15,"column":55},"end":{"line":15,"column":60}}},"3":{"name":"(anonymous_4)","line":16,"loc":{"start":{"line":16,"column":4},"end":{"line":25,"column":5}}}},"branchMap":{"1":{"line":17,"type":"if","locations":[{"start":{"line":17,"column":8},"end":{"line":24,"column":9}},{"start":{"line":17,"column":8},"end":{"line":24,"column":9}}]},"2":{"line":17,"type":"binary-expr","locations":[{"start":{"line":17,"column":12},"end":{"line":17,"column":23}},{"start":{"line":17,"column":27},"end":{"line":17,"column":43}},{"start":{"line":17,"column":47},"end":{"line":17,"column":72}}]}},"s":{"1":1,"2":1,"3":1,"4":4,"5":1,"6":4,"7":1,"8":1,"9":1,"10":1,"11":1,"12":1,"13":1},"b":{"1":[1,3],"2":[4,3,2]},"f":{"1":1,"2":4,"3":4},"l":{"1":1,"2":1,"4":1,"8":1,"9":1,"11":1,"13":1,"15":4,"16":1,"17":4,"18":1,"26":1}},
"src/aGrid/aGridColumn/agridcolumn.component.ts":{"path":"src/aGrid/aGridColumn/agridcolumn.component.ts","statementMap":{"1":{"start":{"line":1,"column":0},"end":{"line":1,"column":106}},"2":{"start":{"line":2,"column":0},"end":{"line":2,"column":48}},"3":{"start":{"line":3,"column":0},"end":{"line":3,"column":52}},"4":{"start":{"line":4,"column":0},"end":{"line":4,"column":52}},"5":{"start":{"line":10,"column":0},"end":{"line":26,"column":0}},"6":{"start":{"line":16,"column":13},"end":{"line":16,"column":38}},"7":{"start":{"line":17,"column":13},"end":{"line":17,"column":32}},"8":{"start":{"line":19,"column":11},"end":{"line":21,"column":5}},"9":{"start":{"line":20,"column":8},"end":{"line":20,"column":26}},"10":{"start":{"line":23,"column":11},"end":{"line":25,"column":5}},"11":{"start":{"line":24,"column":8},"end":{"line":24,"column":42}},"12":{"start":{"line":11,"column":4},"end":{"line":11,"column":28}},"13":{"start":{"line":12,"column":4},"end":{"line":12,"column":30}},"14":{"start":{"line":13,"column":4},"end":{"line":13,"column":30}},"15":{"start":{"line":14,"column":4},"end":{"line":14,"column":12}},"16":{"start":{"line":15,"column":4},"end":{"line":15,"column":12}},"17":{"start":{"line":16,"column":4},"end":{"line":16,"column":12}},"18":{"start":{"line":17,"column":4},"end":{"line":17,"column":12}},"19":{"start":{"line":6,"column":0},"end":{"line":9,"column":2}},"20":{"start":{"line":26,"column":0},"end":{"line":26,"column":1}},"21":{"start":{"line":10,"column":13},"end":{"line":26,"column":1}}},"fnMap":{"1":{"name":"(anonymous_2)","line":10,"loc":{"start":{"line":10,"column":0},"end":{"line":10,"column":-1}}},"2":{"name":"aGridColumn","line":10,"loc":{"start":{"line":10,"column":0},"end":{"line":26,"column":1}}},"3":{"name":"(anonymous_4)","line":19,"loc":{"start":{"line":19,"column":33},"end":{"line":21,"column":5}}},"4":{"name":"(anonymous_5)","line":23,"loc":{"start":{"line":23,"column":37},"end":{"line":25,"column":5}}}},"branchMap":{},"s":{"1":1,"2":1,"3":1,"4":1,"5":1,"6":4,"7":4,"8":1,"9":1,"10":1,"11":1,"12":1,"13":1,"14":1,"15":1,"16":1,"17":1,"18":1,"19":1,"20":1,"21":1},"b":{},"f":{"1":1,"2":4,"3":1,"4":1},"l":{"1":1,"2":1,"3":1,"4":1,"6":1,"10":1,"11":1,"12":1,"13":1,"14":1,"15":1,"16":4,"17":4,"19":1,"20":1,"23":1,"24":1,"26":1}},
"src/aGrid/aGridColumn/agridheader.directive.ts":{"path":"src/aGrid/aGridColumn/agridheader.directive.ts","statementMap":{"1":{"start":{"line":1,"column":0},"end":{"line":1,"column":53}},"2":{"start":{"line":6,"column":0},"end":{"line":8,"column":0}},"3":{"start":{"line":7,"column":23},"end":{"line":7,"column":48}},"4":{"start":{"line":3,"column":0},"end":{"line":5,"column":2}},"5":{"start":{"line":8,"column":0},"end":{"line":8,"column":1}},"6":{"start":{"line":6,"column":13},"end":{"line":8,"column":1}}},"fnMap":{"1":{"name":"(anonymous_2)","line":6,"loc":{"start":{"line":6,"column":0},"end":{"line":6,"column":-1}}},"2":{"name":"aGridHeader","line":7,"loc":{"start":{"line":7,"column":48},"end":{"line":7,"column":51}}}},"branchMap":{},"s":{"1":1,"2":1,"3":2,"4":1,"5":1,"6":1},"b":{},"f":{"1":1,"2":2},"l":{"1":1,"3":1,"6":1,"7":2,"8":1}},
"src/aGrid/aGridColumn/agridfilter.directive.ts":{"path":"src/aGrid/aGridColumn/agridfilter.directive.ts","statementMap":{"1":{"start":{"line":1,"column":0},"end":{"line":1,"column":53}},"2":{"start":{"line":6,"column":0},"end":{"line":8,"column":0}},"3":{"start":{"line":7,"column":23},"end":{"line":7,"column":48}},"4":{"start":{"line":3,"column":0},"end":{"line":5,"column":2}},"5":{"start":{"line":8,"column":0},"end":{"line":8,"column":1}},"6":{"start":{"line":6,"column":13},"end":{"line":8,"column":1}}},"fnMap":{"1":{"name":"(anonymous_2)","line":6,"loc":{"start":{"line":6,"column":0},"end":{"line":6,"column":-1}}},"2":{"name":"aGridFilter","line":7,"loc":{"start":{"line":7,"column":48},"end":{"line":7,"column":51}}}},"branchMap":{},"s":{"1":1,"2":1,"3":2,"4":1,"5":1,"6":1},"b":{},"f":{"1":1,"2":2},"l":{"1":1,"3":1,"6":1,"7":2,"8":1}},
"src/aGrid/aGridColumn/agridfilterloader.component.ts":{"path":"src/aGrid/aGridColumn/agridfilterloader.component.ts","statementMap":{"1":{"start":{"line":1,"column":0},"end":{"line":1,"column":67}},"2":{"start":{"line":2,"column":0},"end":{"line":2,"column":52}},"3":{"start":{"line":8,"column":0},"end":{"line":20,"column":0}},"4":{"start":{"line":11,"column":24},"end":{"line":11,"column":55}},"5":{"start":{"line":12,"column":4},"end":{"line":19,"column":5}},"6":{"start":{"line":13,"column":8},"end":{"line":18,"column":9}},"7":{"start":{"line":14,"column":12},"end":{"line":17,"column":19}},"8":{"start":{"line":9,"column":4},"end":{"line":9,"column":12}},"9":{"start":{"line":4,"column":0},"end":{"line":7,"column":2}},"10":{"start":{"line":20,"column":0},"end":{"line":20,"column":1}},"11":{"start":{"line":8,"column":13},"end":{"line":20,"column":1}}},"fnMap":{"1":{"name":"(anonymous_2)","line":8,"loc":{"start":{"line":8,"column":0},"end":{"line":8,"column":-1}}},"2":{"name":"aGridFilterLoader","line":11,"loc":{"start":{"line":11,"column":55},"end":{"line":11,"column":60}}},"3":{"name":"(anonymous_4)","line":12,"loc":{"start":{"line":12,"column":4},"end":{"line":19,"column":5}}}},"branchMap":{"1":{"line":13,"type":"if","locations":[{"start":{"line":13,"column":8},"end":{"line":18,"column":9}},{"start":{"line":13,"column":8},"end":{"line":18,"column":9}}]},"2":{"line":13,"type":"binary-expr","locations":[{"start":{"line":13,"column":12},"end":{"line":13,"column":23}},{"start":{"line":13,"column":27},"end":{"line":13,"column":45}},{"start":{"line":13,"column":49},"end":{"line":13,"column":76}}]}},"s":{"1":1,"2":1,"3":1,"4":4,"5":1,"6":4,"7":1,"8":1,"9":1,"10":1,"11":1},"b":{"1":[1,3],"2":[4,3,2]},"f":{"1":1,"2":4,"3":4},"l":{"1":1,"2":1,"4":1,"8":1,"9":1,"11":4,"12":1,"13":4,"14":1,"20":1}},
"src/aGrid/aGridColumn/agridheaderloader.component.ts":{"path":"src/aGrid/aGridColumn/agridheaderloader.component.ts","statementMap":{"1":{"start":{"line":1,"column":0},"end":{"line":1,"column":67}},"2":{"start":{"line":2,"column":0},"end":{"line":2,"column":52}},"3":{"start":{"line":9,"column":0},"end":{"line":21,"column":0}},"4":{"start":{"line":12,"column":24},"end":{"line":12,"column":55}},"5":{"start":{"line":13,"column":4},"end":{"line":20,"column":5}},"6":{"start":{"line":14,"column":8},"end":{"line":19,"column":9}},"7":{"start":{"line":15,"column":12},"end":{"line":18,"column":19}},"8":{"start":{"line":10,"column":4},"end":{"line":10,"column":12}},"9":{"start":{"line":5,"column":0},"end":{"line":8,"column":2}},"10":{"start":{"line":21,"column":0},"end":{"line":21,"column":1}},"11":{"start":{"line":9,"column":13},"end":{"line":21,"column":1}}},"fnMap":{"1":{"name":"(anonymous_2)","line":9,"loc":{"start":{"line":9,"column":0},"end":{"line":9,"column":-1}}},"2":{"name":"aGridColumnHeaderLoader","line":12,"loc":{"start":{"line":12,"column":55},"end":{"line":12,"column":60}}},"3":{"name":"(anonymous_4)","line":13,"loc":{"start":{"line":13,"column":4},"end":{"line":20,"column":5}}}},"branchMap":{"1":{"line":14,"type":"if","locations":[{"start":{"line":14,"column":8},"end":{"line":19,"column":9}},{"start":{"line":14,"column":8},"end":{"line":19,"column":9}}]},"2":{"line":14,"type":"binary-expr","locations":[{"start":{"line":14,"column":12},"end":{"line":14,"column":23}},{"start":{"line":14,"column":27},"end":{"line":14,"column":45}},{"start":{"line":14,"column":49},"end":{"line":14,"column":76}}]}},"s":{"1":1,"2":1,"3":1,"4":4,"5":1,"6":4,"7":1,"8":1,"9":1,"10":1,"11":1},"b":{"1":[1,3],"2":[4,3,2]},"f":{"1":1,"2":4,"3":4},"l":{"1":1,"2":1,"5":1,"9":1,"10":1,"12":4,"13":1,"14":4,"15":1,"21":1}},
"src/aGrid/aGridColumnResizer/aGridColumnResizer.component.ts":{"path":"src/aGrid/aGridColumnResizer/aGridColumnResizer.component.ts","statementMap":{"1":{"start":{"line":1,"column":0},"end":{"line":1,"column":128}},"2":{"start":{"line":8,"column":0},"end":{"line":49,"column":0}},"3":{"start":{"line":15,"column":24},"end":{"line":15,"column":34}},"4":{"start":{"line":9,"column":12},"end":{"line":9,"column":27}},"5":{"start":{"line":18,"column":14},"end":{"line":18,"column":47}},"6":{"start":{"line":22,"column":43},"end":{"line":29,"column":5}},"7":{"start":{"line":23,"column":23},"end":{"line":23,"column":69}},"8":{"start":{"line":24,"column":8},"end":{"line":24,"column":27}},"9":{"start":{"line":25,"column":8},"end":{"line":25,"column":60}},"10":{"start":{"line":26,"column":8},"end":{"line":26,"column":41}},"11":{"start":{"line":27,"column":8},"end":{"line":27,"column":29}},"12":{"start":{"line":28,"column":8},"end":{"line":28,"column":36}},"13":{"start":{"line":31,"column":38},"end":{"line":39,"column":5}},"14":{"start":{"line":33,"column":8},"end":{"line":38,"column":9}},"15":{"start":{"line":34,"column":12},"end":{"line":34,"column":32}},"16":{"start":{"line":35,"column":12},"end":{"line":35,"column":26}},"17":{"start":{"line":37,"column":12},"end":{"line":37,"column":72}},"18":{"start":{"line":41,"column":52},"end":{"line":48,"column":5}},"19":{"start":{"line":42,"column":8},"end":{"line":47,"column":9}},"20":{"start":{"line":43,"column":10},"end":{"line":43,"column":53}},"21":{"start":{"line":44,"column":10},"end":{"line":44,"column":47}},"22":{"start":{"line":46,"column":10},"end":{"line":46,"column":31}},"23":{"start":{"line":18,"column":4},"end":{"line":18,"column":13}},"24":{"start":{"line":20,"column":4},"end":{"line":20,"column":31}},"25":{"start":{"line":22,"column":4},"end":{"line":22,"column":42}},"26":{"start":{"line":31,"column":4},"end":{"line":31,"column":37}},"27":{"start":{"line":41,"column":4},"end":{"line":41,"column":51}},"28":{"start":{"line":3,"column":0},"end":{"line":7,"column":2}},"29":{"start":{"line":49,"column":0},"end":{"line":49,"column":1}},"30":{"start":{"line":8,"column":13},"end":{"line":49,"column":1}}},"fnMap":{"1":{"name":"(anonymous_2)","line":8,"loc":{"start":{"line":8,"column":0},"end":{"line":8,"column":-1}}},"2":{"name":"AGridColumnResizer","line":15,"loc":{"start":{"line":15,"column":34},"end":{"line":16,"column":5}}},"3":{"name":"(anonymous_4)","line":22,"loc":{"start":{"line":22,"column":64},"end":{"line":29,"column":5}}},"4":{"name":"(anonymous_5)","line":31,"loc":{"start":{"line":31,"column":38},"end":{"line":39,"column":5}}},"5":{"name":"(anonymous_6)","line":41,"loc":{"start":{"line":41,"column":73},"end":{"line":48,"column":5}}}},"branchMap":{"1":{"line":33,"type":"if","locations":[{"start":{"line":33,"column":8},"end":{"line":38,"column":9}},{"start":{"line":33,"column":8},"end":{"line":38,"column":9}}]},"2":{"line":42,"type":"if","locations":[{"start":{"line":42,"column":8},"end":{"line":47,"column":9}},{"start":{"line":42,"column":8},"end":{"line":47,"column":9}}]},"3":{"line":42,"type":"binary-expr","locations":[{"start":{"line":42,"column":12},"end":{"line":42,"column":22}},{"start":{"line":42,"column":26},"end":{"line":42,"column":37}}]}},"s":{"1":1,"2":1,"3":10,"4":10,"5":10,"6":1,"7":6,"8":6,"9":6,"10":6,"11":6,"12":6,"13":1,"14":2,"15":1,"16":1,"17":1,"18":1,"19":4,"20":1,"21":1,"22":1,"23":1,"24":1,"25":1,"26":1,"27":1,"28":1,"29":1,"30":1},"b":{"1":[1,1],"2":[1,3],"3":[4,2]},"f":{"1":1,"2":10,"3":6,"4":2,"5":4},"l":{"1":1,"3":1,"8":1,"9":10,"15":10,"18":10,"20":1,"22":1,"23":6,"24":6,"25":6,"26":6,"27":6,"28":6,"31":1,"33":2,"34":1,"35":1,"37":1,"41":1,"42":4,"43":1,"44":1,"46":1,"49":1}},
"src/aGrid/aGridPager/agridpager.component.ts":{"path":"src/aGrid/aGridPager/agridpager.component.ts","statementMap":{"1":{"start":{"line":1,"column":0},"end":{"line":1,"column":49}},"2":{"start":{"line":9,"column":0},"end":{"line":9,"column":25}},"3":{"start":{"line":3,"column":0},"end":{"line":8,"column":2}},"4":{"start":{"line":9,"column":25},"end":{"line":9,"column":26}},"5":{"start":{"line":9,"column":13},"end":{"line":9,"column":26}}},"fnMap":{"1":{"name":"(anonymous_2)","line":9,"loc":{"start":{"line":9,"column":0},"end":{"line":9,"column":-1}}},"2":{"name":"aGridPager","line":9,"loc":{"start":{"line":9,"column":0},"end":{"line":9,"column":26}}}},"branchMap":{},"s":{"1":1,"2":1,"3":1,"4":1,"5":1},"b":{},"f":{"1":1,"2":1},"l":{"1":1,"3":1,"9":1}},
"src/aGrid/agrid.component.ts":{"path":"src/aGrid/agrid.component.ts","statementMap":{"1":{"start":{"line":1,"column":0},"end":{"line":5,"column":23}},"2":{"start":{"line":6,"column":0},"end":{"line":6,"column":66}},"3":{"start":{"line":8,"column":0},"end":{"line":8,"column":57}},"4":{"start":{"line":10,"column":0},"end":{"line":10,"column":34}},"5":{"start":{"line":20,"column":0},"end":{"line":98,"column":0}},"6":{"start":{"line":76,"column":22},"end":{"line":76,"column":45}},"7":{"start":{"line":22,"column":2},"end":{"line":22,"column":34}},"8":{"start":{"line":39,"column":2},"end":{"line":39,"column":44}},"9":{"start":{"line":42,"column":2},"end":{"line":42,"column":42}},"10":{"start":{"line":44,"column":12},"end":{"line":44,"column":44}},"11":{"start":{"line":46,"column":12},"end":{"line":46,"column":50}},"12":{"start":{"line":50,"column":10},"end":{"line":50,"column":27}},"13":{"start":{"line":52,"column":10},"end":{"line":52,"column":27}},"14":{"start":{"line":77,"column":4},"end":{"line":77,"column":25}},"15":{"start":{"line":24,"column":10},"end":{"line":28,"column":3}},"16":{"start":{"line":25,"column":4},"end":{"line":27,"column":5}},"17":{"start":{"line":26,"column":6},"end":{"line":26,"column":52}},"18":{"start":{"line":30,"column":2},"end":{"line":32,"column":3}},"19":{"start":{"line":31,"column":4},"end":{"line":31,"column":118}},"20":{"start":{"line":54,"column":10},"end":{"line":60,"column":3}},"21":{"start":{"line":55,"column":4},"end":{"line":59,"column":5}},"22":{"start":{"line":56,"column":6},"end":{"line":56,"column":123}},"23":{"start":{"line":58,"column":6},"end":{"line":58,"column":72}},"24":{"start":{"line":62,"column":10},"end":{"line":67,"column":3}},"25":{"start":{"line":63,"column":4},"end":{"line":66,"column":5}},"26":{"start":{"line":64,"column":6},"end":{"line":64,"column":39}},"27":{"start":{"line":65,"column":6},"end":{"line":65,"column":27}},"28":{"start":{"line":69,"column":10},"end":{"line":74,"column":3}},"29":{"start":{"line":70,"column":4},"end":{"line":73,"column":5}},"30":{"start":{"line":71,"column":6},"end":{"line":71,"column":39}},"31":{"start":{"line":72,"column":6},"end":{"line":72,"column":27}},"32":{"start":{"line":80,"column":2},"end":{"line":82,"column":3}},"33":{"start":{"line":81,"column":4},"end":{"line":81,"column":25}},"34":{"start":{"line":84,"column":2},"end":{"line":86,"column":3}},"35":{"start":{"line":85,"column":4},"end":{"line":85,"column":25}},"36":{"start":{"line":88,"column":2},"end":{"line":91,"column":3}},"37":{"start":{"line":90,"column":4},"end":{"line":90,"column":30}},"38":{"start":{"line":93,"column":2},"end":{"line":96,"column":3}},"39":{"start":{"line":95,"column":4},"end":{"line":95,"column":36}},"40":{"start":{"line":34,"column":2},"end":{"line":34,"column":10}},"41":{"start":{"line":36,"column":2},"end":{"line":36,"column":31}},"42":{"start":{"line":38,"column":2},"end":{"line":38,"column":10}},"43":{"start":{"line":41,"column":2},"end":{"line":41,"column":10}},"44":{"start":{"line":44,"column":2},"end":{"line":44,"column":11}},"45":{"start":{"line":46,"column":2},"end":{"line":46,"column":11}},"46":{"start":{"line":12,"column":0},"end":{"line":19,"column":2}},"47":{"start":{"line":98,"column":0},"end":{"line":98,"column":1}},"48":{"start":{"line":20,"column":13},"end":{"line":98,"column":1}}},"fnMap":{"1":{"name":"(anonymous_2)","line":20,"loc":{"start":{"line":20,"column":0},"end":{"line":20,"column":-1}}},"2":{"name":"aGrid","line":76,"loc":{"start":{"line":76,"column":45},"end":{"line":78,"column":3}}},"3":{"name":"(anonymous_4)","line":24,"loc":{"start":{"line":24,"column":2},"end":{"line":28,"column":3}}},"4":{"name":"(anonymous_5)","line":30,"loc":{"start":{"line":30,"column":2},"end":{"line":32,"column":3}}},"5":{"name":"(anonymous_6)","line":54,"loc":{"start":{"line":54,"column":2},"end":{"line":60,"column":3}}},"6":{"name":"(anonymous_7)","line":62,"loc":{"start":{"line":62,"column":42},"end":{"line":67,"column":3}}},"7":{"name":"(anonymous_8)","line":69,"loc":{"start":{"line":69,"column":42},"end":{"line":74,"column":3}}},"8":{"name":"(anonymous_9)","line":80,"loc":{"start":{"line":80,"column":2},"end":{"line":82,"column":3}}},"9":{"name":"(anonymous_10)","line":84,"loc":{"start":{"line":84,"column":2},"end":{"line":86,"column":3}}},"10":{"name":"(anonymous_11)","line":88,"loc":{"start":{"line":88,"column":14},"end":{"line":91,"column":3}}},"11":{"name":"(anonymous_12)","line":93,"loc":{"start":{"line":93,"column":20},"end":{"line":96,"column":3}}}},"branchMap":{"1":{"line":25,"type":"if","locations":[{"start":{"line":25,"column":4},"end":{"line":27,"column":5}},{"start":{"line":25,"column":4},"end":{"line":27,"column":5}}]},"2":{"line":31,"type":"binary-expr","locations":[{"start":{"line":31,"column":14},"end":{"line":31,"column":30}},{"start":{"line":31,"column":34},"end":{"line":31,"column":57}},{"start":{"line":31,"column":61},"end":{"line":31,"column":116}}]},"3":{"line":55,"type":"if","locations":[{"start":{"line":55,"column":4},"end":{"line":59,"column":5}},{"start":{"line":55,"column":4},"end":{"line":59,"column":5}}]},"4":{"line":55,"type":"binary-expr","locations":[{"start":{"line":55,"column":8},"end":{"line":55,"column":25}},{"start":{"line":55,"column":29},"end":{"line":55,"column":46}}]},"5":{"line":63,"type":"if","locations":[{"start":{"line":63,"column":4},"end":{"line":66,"column":5}},{"start":{"line":63,"column":4},"end":{"line":66,"column":5}}]},"6":{"line":70,"type":"if","locations":[{"start":{"line":70,"column":4},"end":{"line":73,"column":5}},{"start":{"line":70,"column":4},"end":{"line":73,"column":5}}]}},"s":{"1":1,"2":1,"3":1,"4":1,"5":1,"6":19,"7":19,"8":19,"9":19,"10":19,"11":19,"12":19,"13":19,"14":19,"15":1,"16":5,"17":4,"18":1,"19":3,"20":1,"21":25,"22":5,"23":20,"24":1,"25":4,"26":2,"27":2,"28":1,"29":4,"30":2,"31":2,"32":1,"33":1,"34":1,"35":1,"36":1,"37":1,"38":1,"39":1,"40":1,"41":1,"42":1,"43":1,"44":1,"45":1,"46":1,"47":1,"48":1},"b":{"1":[4,1],"2":[3,3,2],"3":[5,20],"4":[25,22],"5":[2,2],"6":[2,2]},"f":{"1":1,"2":19,"3":5,"4":3,"5":25,"6":4,"7":4,"8":1,"9":1,"10":1,"11":1},"l":{"1":1,"6":1,"8":1,"10":1,"12":1,"20":1,"22":19,"24":1,"25":5,"26":4,"30":1,"31":3,"34":1,"36":1,"38":1,"39":19,"41":1,"42":19,"44":19,"46":19,"50":19,"52":19,"54":1,"55":25,"56":5,"58":20,"62":1,"63":4,"64":2,"65":2,"69":1,"70":4,"71":2,"72":2,"76":19,"77":19,"80":1,"81":1,"84":1,"85":1,"88":1,"90":1,"93":1,"95":1,"98":1}},
"src/aGrid/contentUpdated/contentUpdated.directive.ts":{"path":"src/aGrid/contentUpdated/contentUpdated.directive.ts","statementMap":{"1":{"start":{"line":1,"column":0},"end":{"line":1,"column":90}},"2":{"start":{"line":3,"column":0},"end":{"line":3,"column":74}},"3":{"start":{"line":6,"column":0},"end":{"line":35,"column":0}},"4":{"start":{"line":9,"column":24},"end":{"line":9,"column":46}},"5":{"start":{"line":9,"column":56},"end":{"line":9,"column":95}},"6":{"start":{"line":7,"column":30},"end":{"line":7,"column":66}},"7":{"start":{"line":11,"column":21},"end":{"line":11,"column":93}},"8":{"start":{"line":14,"column":8},"end":{"line":16,"column":11}},"9":{"start":{"line":15,"column":12},"end":{"line":15,"column":38}},"10":{"start":{"line":18,"column":8},"end":{"line":18,"column":69}},"11":{"start":{"line":23,"column":4},"end":{"line":25,"column":5}},"12":{"start":{"line":24,"column":8},"end":{"line":24,"column":34}},"13":{"start":{"line":27,"column":4},"end":{"line":29,"column":5}},"14":{"start":{"line":28,"column":8},"end":{"line":28,"column":35}},"15":{"start":{"line":31,"column":12},"end":{"line":33,"column":5}},"16":{"start":{"line":32,"column":8},"end":{"line":32,"column":35}},"17":{"start":{"line":7,"column":4},"end":{"line":7,"column":29}},"18":{"start":{"line":5,"column":0},"end":{"line":5,"column":44}},"19":{"start":{"line":35,"column":0},"end":{"line":35,"column":1}},"20":{"start":{"line":6,"column":13},"end":{"line":35,"column":1}}},"fnMap":{"1":{"name":"(anonymous_2)","line":6,"loc":{"start":{"line":6,"column":0},"end":{"line":6,"column":-1}}},"2":{"name":"ContentUpdated","line":9,"loc":{"start":{"line":9,"column":95},"end":{"line":19,"column":5}}},"3":{"name":"(anonymous_4)","line":14,"loc":{"start":{"line":14,"column":57},"end":{"line":16,"column":9}}},"4":{"name":"(anonymous_5)","line":23,"loc":{"start":{"line":23,"column":4},"end":{"line":25,"column":5}}},"5":{"name":"(anonymous_6)","line":27,"loc":{"start":{"line":27,"column":4},"end":{"line":29,"column":5}}},"6":{"name":"(anonymous_7)","line":31,"loc":{"start":{"line":31,"column":4},"end":{"line":33,"column":5}}}},"branchMap":{},"s":{"1":1,"2":1,"3":7,"4":6,"5":6,"6":6,"7":6,"8":6,"9":1,"10":6,"11":1,"12":1,"13":1,"14":7,"15":1,"16":1,"17":1,"18":1,"19":1,"20":1},"b":{},"f":{"1":1,"2":6,"3":1,"4":1,"5":7,"6":1},"l":{"1":1,"3":1,"5":1,"6":7,"7":6,"9":6,"11":6,"14":6,"15":1,"18":6,"23":1,"24":1,"27":1,"28":7,"31":1,"32":1,"35":1}},
"src/aGrid/utils/mutationObserver.service.ts":{"path":"src/aGrid/utils/mutationObserver.service.ts","statementMap":{"1":{"start":{"line":1,"column":0},"end":{"line":1,"column":41}},"2":{"start":{"line":4,"column":0},"end":{"line":8,"column":0}},"3":{"start":{"line":5,"column":4},"end":{"line":7,"column":5}},"4":{"start":{"line":6,"column":8},"end":{"line":6,"column":46}},"5":{"start":{"line":3,"column":0},"end":{"line":3,"column":13}},"6":{"start":{"line":8,"column":0},"end":{"line":8,"column":1}},"7":{"start":{"line":4,"column":13},"end":{"line":8,"column":1}}},"fnMap":{"1":{"name":"(anonymous_2)","line":4,"loc":{"start":{"line":4,"column":0},"end":{"line":4,"column":-1}}},"2":{"name":"MutationObserverService","line":4,"loc":{"start":{"line":4,"column":0},"end":{"line":8,"column":1}}},"3":{"name":"(anonymous_4)","line":5,"loc":{"start":{"line":5,"column":41},"end":{"line":7,"column":5}}}},"branchMap":{},"s":{"1":1,"2":1,"3":1,"4":1,"5":1,"6":1,"7":1},"b":{},"f":{"1":1,"2":1,"3":1},"l":{"1":1,"3":1,"4":1,"5":1,"6":1,"8":1}},
"src/aGrid/scrollToPaddingRight/scrollToPaddingRight.directive.ts":{"path":"src/aGrid/scrollToPaddingRight/scrollToPaddingRight.directive.ts","statementMap":{"1":{"start":{"line":1,"column":0},"end":{"line":1,"column":85}},"2":{"start":{"line":3,"column":0},"end":{"line":3,"column":74}},"3":{"start":{"line":5,"column":0},"end":{"line":5,"column":54}},"4":{"start":{"line":7,"column":22},"end":{"line":7,"column":25}},"5":{"start":{"line":10,"column":0},"end":{"line":57,"column":0}},"6":{"start":{"line":17,"column":24},"end":{"line":17,"column":46}},"7":{"start":{"line":17,"column":56},"end":{"line":17,"column":74}},"8":{"start":{"line":18,"column":12},"end":{"line":18,"column":51}},"9":{"start":{"line":18,"column":60},"end":{"line":18,"column":75}},"10":{"start":{"line":13,"column":12},"end":{"line":13,"column":29}},"11":{"start":{"line":20,"column":21},"end":{"line":20,"column":54}},"12":{"start":{"line":23,"column":8},"end":{"line":25,"column":11}},"13":{"start":{"line":24,"column":12},"end":{"line":24,"column":36}},"14":{"start":{"line":27,"column":8},"end":{"line":27,"column":69}},"15":{"start":{"line":29,"column":8},"end":{"line":31,"column":26}},"16":{"start":{"line":30,"column":12},"end":{"line":30,"column":36}},"17":{"start":{"line":34,"column":4},"end":{"line":36,"column":5}},"18":{"start":{"line":35,"column":8},"end":{"line":35,"column":32}},"19":{"start":{"line":40,"column":12},"end":{"line":50,"column":5}},"20":{"start":{"line":41,"column":8},"end":{"line":49,"column":9}},"21":{"start":{"line":42,"column":34},"end":{"line":42,"column":119}},"22":{"start":{"line":44,"column":12},"end":{"line":48,"column":13}},"23":{"start":{"line":45,"column":16},"end":{"line":45,"column":52}},"24":{"start":{"line":47,"column":16},"end":{"line":47,"column":107}},"25":{"start":{"line":52,"column":4},"end":{"line":54,"column":5}},"26":{"start":{"line":53,"column":8},"end":{"line":53,"column":35}},"27":{"start":{"line":11,"column":4},"end":{"line":11,"column":34}},"28":{"start":{"line":56,"column":4},"end":{"line":56,"column":34}},"29":{"start":{"line":9,"column":0},"end":{"line":9,"column":50}},"30":{"start":{"line":57,"column":0},"end":{"line":57,"column":1}},"31":{"start":{"line":10,"column":13},"end":{"line":57,"column":1}}},"fnMap":{"1":{"name":"(anonymous_2)","line":10,"loc":{"start":{"line":10,"column":0},"end":{"line":10,"column":-1}}},"2":{"name":"ScrollToPaddingRight","line":18,"loc":{"start":{"line":18,"column":75},"end":{"line":32,"column":5}}},"3":{"name":"(anonymous_4)","line":23,"loc":{"start":{"line":23,"column":56},"end":{"line":25,"column":9}}},"4":{"name":"(anonymous_5)","line":29,"loc":{"start":{"line":29,"column":44},"end":{"line":31,"column":9}}},"5":{"name":"(anonymous_6)","line":34,"loc":{"start":{"line":34,"column":4},"end":{"line":36,"column":5}}},"6":{"name":"(anonymous_7)","line":40,"loc":{"start":{"line":40,"column":4},"end":{"line":50,"column":5}}},"7":{"name":"(anonymous_8)","line":52,"loc":{"start":{"line":52,"column":4},"end":{"line":54,"column":5}}}},"branchMap":{"1":{"line":41,"type":"if","locations":[{"start":{"line":41,"column":8},"end":{"line":49,"column":9}},{"start":{"line":41,"column":8},"end":{"line":49,"column":9}}]},"2":{"line":44,"type":"if","locations":[{"start":{"line":44,"column":12},"end":{"line":48,"column":13}},{"start":{"line":44,"column":12},"end":{"line":48,"column":13}}]}},"s":{"1":1,"2":1,"3":1,"4":1,"5":13,"6":12,"7":12,"8":12,"9":12,"10":12,"11":12,"12":12,"13":1,"14":12,"15":12,"16":1,"17":1,"18":1,"19":1,"20":3,"21":2,"22":2,"23":1,"24":1,"25":1,"26":13,"27":1,"28":1,"29":1,"30":1,"31":1},"b":{"1":[2,1],"2":[1,1]},"f":{"1":1,"2":12,"3":1,"4":1,"5":1,"6":3,"7":13},"l":{"1":1,"3":1,"5":1,"7":1,"9":1,"10":13,"11":1,"13":12,"17":12,"18":12,"20":12,"23":12,"24":1,"27":12,"29":12,"30":1,"34":1,"35":1,"40":1,"41":3,"42":2,"44":2,"45":1,"47":1,"52":1,"53":13,"56":1,"57":1}},
"src/aGrid/utils/lodash.service.ts":{"path":"src/aGrid/utils/lodash.service.ts","statementMap":{"1":{"start":{"line":1,"column":0},"end":{"line":1,"column":34}},"2":{"start":{"line":3,"column":0},"end":{"line":3,"column":41}},"3":{"start":{"line":6,"column":0},"end":{"line":11,"column":0}},"4":{"start":{"line":9,"column":8},"end":{"line":9,"column":31}},"5":{"start":{"line":5,"column":0},"end":{"line":5,"column":13}},"6":{"start":{"line":11,"column":0},"end":{"line":11,"column":1}},"7":{"start":{"line":6,"column":13},"end":{"line":11,"column":1}}},"fnMap":{"1":{"name":"(anonymous_2)","line":6,"loc":{"start":{"line":6,"column":0},"end":{"line":6,"column":-1}}},"2":{"name":"LodashService","line":8,"loc":{"start":{"line":8,"column":4},"end":{"line":10,"column":5}}}},"branchMap":{},"s":{"1":1,"2":1,"3":1,"4":1,"5":1,"6":1,"7":1},"b":{},"f":{"1":1,"2":1},"l":{"1":1,"3":1,"5":1,"6":1,"9":1,"11":1}},
"src/aGrid/synkHorizontalScroll/synkHorizontalScroll.directive.ts":{"path":"src/aGrid/synkHorizontalScroll/synkHorizontalScroll.directive.ts","statementMap":{"1":{"start":{"line":1,"column":0},"end":{"line":1,"column":73}},"2":{"start":{"line":5,"column":0},"end":{"line":18,"column":0}},"3":{"start":{"line":8,"column":24},"end":{"line":8,"column":42}},"4":{"start":{"line":13,"column":40},"end":{"line":17,"column":5}},"5":{"start":{"line":14,"column":8},"end":{"line":16,"column":9}},"6":{"start":{"line":15,"column":12},"end":{"line":15,"column":100}},"7":{"start":{"line":6,"column":4},"end":{"line":6,"column":34}},"8":{"start":{"line":13,"column":4},"end":{"line":13,"column":39}},"9":{"start":{"line":4,"column":0},"end":{"line":4,"column":50}},"10":{"start":{"line":18,"column":0},"end":{"line":18,"column":1}},"11":{"start":{"line":5,"column":13},"end":{"line":18,"column":1}}},"fnMap":{"1":{"name":"(anonymous_2)","line":5,"loc":{"start":{"line":5,"column":0},"end":{"line":5,"column":-1}}},"2":{"name":"SynkHorizontalScroll","line":8,"loc":{"start":{"line":8,"column":42},"end":{"line":10,"column":5}}},"3":{"name":"(anonymous_4)","line":13,"loc":{"start":{"line":13,"column":50},"end":{"line":17,"column":5}}}},"branchMap":{"1":{"line":14,"type":"if","locations":[{"start":{"line":14,"column":8},"end":{"line":16,"column":9}},{"start":{"line":14,"column":8},"end":{"line":16,"column":9}}]}},"s":{"1":1,"2":1,"3":2,"4":1,"5":2,"6":1,"7":1,"8":1,"9":1,"10":1,"11":1},"b":{"1":[1,1]},"f":{"1":1,"2":2,"3":2},"l":{"1":1,"4":1,"5":1,"6":1,"8":2,"13":1,"14":2,"15":1,"18":1}}}
